The system is: Linux - 4.1.12-124.19.2.el7uek.x86_64 - x86_64
Compiling the C compiler identification source file "CMakeCCompilerId.c" succeeded.
Compiler: /opt/gcc-8.3.0/bin/gcc 
Build flags: 
Id flags:  

The output was:
0


Compilation of the C compiler identification source "CMakeCCompilerId.c" produced "a.out"

The C compiler identification is GNU, found in "/home/vcruceru/exercises/my_tour_of_cplusplus/src/CMakeFiles/3.13.2/CompilerIdC/a.out"

Compiling the CXX compiler identification source file "CMakeCXXCompilerId.cpp" succeeded.
Compiler: /opt/gcc-8.3.0/bin/g++ 
Build flags: 
Id flags:  

The output was:
0


Compilation of the CXX compiler identification source "CMakeCXXCompilerId.cpp" produced "a.out"

The CXX compiler identification is GNU, found in "/home/vcruceru/exercises/my_tour_of_cplusplus/src/CMakeFiles/3.13.2/CompilerIdCXX/a.out"

Determining if the C compiler works passed with the following output:
Change Dir: /home/vcruceru/exercises/my_tour_of_cplusplus/src/CMakeFiles/CMakeTmp

Run Build Command:"/bin/gmake" "cmTC_f8eef/fast"
/bin/gmake -f CMakeFiles/cmTC_f8eef.dir/build.make CMakeFiles/cmTC_f8eef.dir/build
gmake[1]: Entering directory `/home/vcruceru/exercises/my_tour_of_cplusplus/src/CMakeFiles/CMakeTmp'
Building C object CMakeFiles/cmTC_f8eef.dir/testCCompiler.c.o
/opt/gcc-8.3.0/bin/gcc    -o CMakeFiles/cmTC_f8eef.dir/testCCompiler.c.o   -c /home/vcruceru/exercises/my_tour_of_cplusplus/src/CMakeFiles/CMakeTmp/testCCompiler.c
Linking C executable cmTC_f8eef
/opt/cmake/bin/cmake -E cmake_link_script CMakeFiles/cmTC_f8eef.dir/link.txt --verbose=1
/opt/gcc-8.3.0/bin/gcc      -rdynamic CMakeFiles/cmTC_f8eef.dir/testCCompiler.c.o  -o cmTC_f8eef 
gmake[1]: Leaving directory `/home/vcruceru/exercises/my_tour_of_cplusplus/src/CMakeFiles/CMakeTmp'


Detecting C compiler ABI info compiled with the following output:
Change Dir: /home/vcruceru/exercises/my_tour_of_cplusplus/src/CMakeFiles/CMakeTmp

Run Build Command:"/bin/gmake" "cmTC_dd4ec/fast"
/bin/gmake -f CMakeFiles/cmTC_dd4ec.dir/build.make CMakeFiles/cmTC_dd4ec.dir/build
gmake[1]: Entering directory `/home/vcruceru/exercises/my_tour_of_cplusplus/src/CMakeFiles/CMakeTmp'
Building C object CMakeFiles/cmTC_dd4ec.dir/CMakeCCompilerABI.c.o
/opt/gcc-8.3.0/bin/gcc    -o CMakeFiles/cmTC_dd4ec.dir/CMakeCCompilerABI.c.o   -c /opt/cmake/share/cmake-3.13/Modules/CMakeCCompilerABI.c
Linking C executable cmTC_dd4ec
/opt/cmake/bin/cmake -E cmake_link_script CMakeFiles/cmTC_dd4ec.dir/link.txt --verbose=1
/opt/gcc-8.3.0/bin/gcc     -v -rdynamic CMakeFiles/cmTC_dd4ec.dir/CMakeCCompilerABI.c.o  -o cmTC_dd4ec 
Using built-in specs.
COLLECT_GCC=/opt/gcc-8.3.0/bin/gcc
COLLECT_LTO_WRAPPER=/opt/gcc-8.3.0/libexec/gcc/x86_64-pc-linux-gnu/8.3.0/lto-wrapper
Target: x86_64-pc-linux-gnu
Configured with: ./configure --prefix=/opt/gcc-8.3.0
Thread model: posix
gcc version 8.3.0 (GCC) 
COMPILER_PATH=/opt/gcc-8.3.0/libexec/gcc/x86_64-pc-linux-gnu/8.3.0/:/opt/gcc-8.3.0/libexec/gcc/x86_64-pc-linux-gnu/8.3.0/:/opt/gcc-8.3.0/libexec/gcc/x86_64-pc-linux-gnu/:/opt/gcc-8.3.0/lib/gcc/x86_64-pc-linux-gnu/8.3.0/:/opt/gcc-8.3.0/lib/gcc/x86_64-pc-linux-gnu/
LIBRARY_PATH=/opt/gcc-8.3.0/lib/gcc/x86_64-pc-linux-gnu/8.3.0/:/opt/gcc-8.3.0/lib/gcc/x86_64-pc-linux-gnu/8.3.0/../../../../lib64/:/lib/../lib64/:/usr/lib/../lib64/:/opt/gcc-8.3.0/lib/gcc/x86_64-pc-linux-gnu/8.3.0/../../../:/lib/:/usr/lib/
COLLECT_GCC_OPTIONS='-v' '-rdynamic' '-o' 'cmTC_dd4ec' '-mtune=generic' '-march=x86-64'
 /opt/gcc-8.3.0/libexec/gcc/x86_64-pc-linux-gnu/8.3.0/collect2 -plugin /opt/gcc-8.3.0/libexec/gcc/x86_64-pc-linux-gnu/8.3.0/liblto_plugin.so -plugin-opt=/opt/gcc-8.3.0/libexec/gcc/x86_64-pc-linux-gnu/8.3.0/lto-wrapper -plugin-opt=-fresolution=/tmp/ccsfjBd1.res -plugin-opt=-pass-through=-lgcc -plugin-opt=-pass-through=-lgcc_s -plugin-opt=-pass-through=-lc -plugin-opt=-pass-through=-lgcc -plugin-opt=-pass-through=-lgcc_s --eh-frame-hdr -m elf_x86_64 -export-dynamic -dynamic-linker /lib64/ld-linux-x86-64.so.2 -o cmTC_dd4ec /lib/../lib64/crt1.o /lib/../lib64/crti.o /opt/gcc-8.3.0/lib/gcc/x86_64-pc-linux-gnu/8.3.0/crtbegin.o -L/opt/gcc-8.3.0/lib/gcc/x86_64-pc-linux-gnu/8.3.0 -L/opt/gcc-8.3.0/lib/gcc/x86_64-pc-linux-gnu/8.3.0/../../../../lib64 -L/lib/../lib64 -L/usr/lib/../lib64 -L/opt/gcc-8.3.0/lib/gcc/x86_64-pc-linux-gnu/8.3.0/../../.. CMakeFiles/cmTC_dd4ec.dir/CMakeCCompilerABI.c.o -lgcc --as-needed -lgcc_s --no-as-needed -lc -lgcc --as-needed -lgcc_s --no-as-needed /opt/gcc-8.3.0/lib/gcc/x86_64-pc-linux-gnu/8.3.0/crtend.o /lib/../lib64/crtn.o
COLLECT_GCC_OPTIONS='-v' '-rdynamic' '-o' 'cmTC_dd4ec' '-mtune=generic' '-march=x86-64'
gmake[1]: Leaving directory `/home/vcruceru/exercises/my_tour_of_cplusplus/src/CMakeFiles/CMakeTmp'


Parsed C implicit link information from above output:
  link line regex: [^( *|.*[/\])(ld|CMAKE_LINK_STARTFILE-NOTFOUND|([^/\]+-)?ld|collect2)[^/\]*( |$)]
  ignore line: [Change Dir: /home/vcruceru/exercises/my_tour_of_cplusplus/src/CMakeFiles/CMakeTmp]
  ignore line: []
  ignore line: [Run Build Command:"/bin/gmake" "cmTC_dd4ec/fast"]
  ignore line: [/bin/gmake -f CMakeFiles/cmTC_dd4ec.dir/build.make CMakeFiles/cmTC_dd4ec.dir/build]
  ignore line: [gmake[1]: Entering directory `/home/vcruceru/exercises/my_tour_of_cplusplus/src/CMakeFiles/CMakeTmp']
  ignore line: [Building C object CMakeFiles/cmTC_dd4ec.dir/CMakeCCompilerABI.c.o]
  ignore line: [/opt/gcc-8.3.0/bin/gcc    -o CMakeFiles/cmTC_dd4ec.dir/CMakeCCompilerABI.c.o   -c /opt/cmake/share/cmake-3.13/Modules/CMakeCCompilerABI.c]
  ignore line: [Linking C executable cmTC_dd4ec]
  ignore line: [/opt/cmake/bin/cmake -E cmake_link_script CMakeFiles/cmTC_dd4ec.dir/link.txt --verbose=1]
  ignore line: [/opt/gcc-8.3.0/bin/gcc     -v -rdynamic CMakeFiles/cmTC_dd4ec.dir/CMakeCCompilerABI.c.o  -o cmTC_dd4ec ]
  ignore line: [Using built-in specs.]
  ignore line: [COLLECT_GCC=/opt/gcc-8.3.0/bin/gcc]
  ignore line: [COLLECT_LTO_WRAPPER=/opt/gcc-8.3.0/libexec/gcc/x86_64-pc-linux-gnu/8.3.0/lto-wrapper]
  ignore line: [Target: x86_64-pc-linux-gnu]
  ignore line: [Configured with: ./configure --prefix=/opt/gcc-8.3.0]
  ignore line: [Thread model: posix]
  ignore line: [gcc version 8.3.0 (GCC) ]
  ignore line: [COMPILER_PATH=/opt/gcc-8.3.0/libexec/gcc/x86_64-pc-linux-gnu/8.3.0/:/opt/gcc-8.3.0/libexec/gcc/x86_64-pc-linux-gnu/8.3.0/:/opt/gcc-8.3.0/libexec/gcc/x86_64-pc-linux-gnu/:/opt/gcc-8.3.0/lib/gcc/x86_64-pc-linux-gnu/8.3.0/:/opt/gcc-8.3.0/lib/gcc/x86_64-pc-linux-gnu/]
  ignore line: [LIBRARY_PATH=/opt/gcc-8.3.0/lib/gcc/x86_64-pc-linux-gnu/8.3.0/:/opt/gcc-8.3.0/lib/gcc/x86_64-pc-linux-gnu/8.3.0/../../../../lib64/:/lib/../lib64/:/usr/lib/../lib64/:/opt/gcc-8.3.0/lib/gcc/x86_64-pc-linux-gnu/8.3.0/../../../:/lib/:/usr/lib/]
  ignore line: [COLLECT_GCC_OPTIONS='-v' '-rdynamic' '-o' 'cmTC_dd4ec' '-mtune=generic' '-march=x86-64']
  link line: [ /opt/gcc-8.3.0/libexec/gcc/x86_64-pc-linux-gnu/8.3.0/collect2 -plugin /opt/gcc-8.3.0/libexec/gcc/x86_64-pc-linux-gnu/8.3.0/liblto_plugin.so -plugin-opt=/opt/gcc-8.3.0/libexec/gcc/x86_64-pc-linux-gnu/8.3.0/lto-wrapper -plugin-opt=-fresolution=/tmp/ccsfjBd1.res -plugin-opt=-pass-through=-lgcc -plugin-opt=-pass-through=-lgcc_s -plugin-opt=-pass-through=-lc -plugin-opt=-pass-through=-lgcc -plugin-opt=-pass-through=-lgcc_s --eh-frame-hdr -m elf_x86_64 -export-dynamic -dynamic-linker /lib64/ld-linux-x86-64.so.2 -o cmTC_dd4ec /lib/../lib64/crt1.o /lib/../lib64/crti.o /opt/gcc-8.3.0/lib/gcc/x86_64-pc-linux-gnu/8.3.0/crtbegin.o -L/opt/gcc-8.3.0/lib/gcc/x86_64-pc-linux-gnu/8.3.0 -L/opt/gcc-8.3.0/lib/gcc/x86_64-pc-linux-gnu/8.3.0/../../../../lib64 -L/lib/../lib64 -L/usr/lib/../lib64 -L/opt/gcc-8.3.0/lib/gcc/x86_64-pc-linux-gnu/8.3.0/../../.. CMakeFiles/cmTC_dd4ec.dir/CMakeCCompilerABI.c.o -lgcc --as-needed -lgcc_s --no-as-needed -lc -lgcc --as-needed -lgcc_s --no-as-needed /opt/gcc-8.3.0/lib/gcc/x86_64-pc-linux-gnu/8.3.0/crtend.o /lib/../lib64/crtn.o]
    arg [/opt/gcc-8.3.0/libexec/gcc/x86_64-pc-linux-gnu/8.3.0/collect2] ==> ignore
    arg [-plugin] ==> ignore
    arg [/opt/gcc-8.3.0/libexec/gcc/x86_64-pc-linux-gnu/8.3.0/liblto_plugin.so] ==> ignore
    arg [-plugin-opt=/opt/gcc-8.3.0/libexec/gcc/x86_64-pc-linux-gnu/8.3.0/lto-wrapper] ==> ignore
    arg [-plugin-opt=-fresolution=/tmp/ccsfjBd1.res] ==> ignore
    arg [-plugin-opt=-pass-through=-lgcc] ==> ignore
    arg [-plugin-opt=-pass-through=-lgcc_s] ==> ignore
    arg [-plugin-opt=-pass-through=-lc] ==> ignore
    arg [-plugin-opt=-pass-through=-lgcc] ==> ignore
    arg [-plugin-opt=-pass-through=-lgcc_s] ==> ignore
    arg [--eh-frame-hdr] ==> ignore
    arg [-m] ==> ignore
    arg [elf_x86_64] ==> ignore
    arg [-export-dynamic] ==> ignore
    arg [-dynamic-linker] ==> ignore
    arg [/lib64/ld-linux-x86-64.so.2] ==> ignore
    arg [-o] ==> ignore
    arg [cmTC_dd4ec] ==> ignore
    arg [/lib/../lib64/crt1.o] ==> ignore
    arg [/lib/../lib64/crti.o] ==> ignore
    arg [/opt/gcc-8.3.0/lib/gcc/x86_64-pc-linux-gnu/8.3.0/crtbegin.o] ==> ignore
    arg [-L/opt/gcc-8.3.0/lib/gcc/x86_64-pc-linux-gnu/8.3.0] ==> dir [/opt/gcc-8.3.0/lib/gcc/x86_64-pc-linux-gnu/8.3.0]
    arg [-L/opt/gcc-8.3.0/lib/gcc/x86_64-pc-linux-gnu/8.3.0/../../../../lib64] ==> dir [/opt/gcc-8.3.0/lib/gcc/x86_64-pc-linux-gnu/8.3.0/../../../../lib64]
    arg [-L/lib/../lib64] ==> dir [/lib/../lib64]
    arg [-L/usr/lib/../lib64] ==> dir [/usr/lib/../lib64]
    arg [-L/opt/gcc-8.3.0/lib/gcc/x86_64-pc-linux-gnu/8.3.0/../../..] ==> dir [/opt/gcc-8.3.0/lib/gcc/x86_64-pc-linux-gnu/8.3.0/../../..]
    arg [CMakeFiles/cmTC_dd4ec.dir/CMakeCCompilerABI.c.o] ==> ignore
    arg [-lgcc] ==> lib [gcc]
    arg [--as-needed] ==> ignore
    arg [-lgcc_s] ==> lib [gcc_s]
    arg [--no-as-needed] ==> ignore
    arg [-lc] ==> lib [c]
    arg [-lgcc] ==> lib [gcc]
    arg [--as-needed] ==> ignore
    arg [-lgcc_s] ==> lib [gcc_s]
    arg [--no-as-needed] ==> ignore
    arg [/opt/gcc-8.3.0/lib/gcc/x86_64-pc-linux-gnu/8.3.0/crtend.o] ==> ignore
    arg [/lib/../lib64/crtn.o] ==> ignore
  collapse library dir [/opt/gcc-8.3.0/lib/gcc/x86_64-pc-linux-gnu/8.3.0] ==> [/opt/gcc-8.3.0/lib/gcc/x86_64-pc-linux-gnu/8.3.0]
  collapse library dir [/opt/gcc-8.3.0/lib/gcc/x86_64-pc-linux-gnu/8.3.0/../../../../lib64] ==> [/opt/gcc-8.3.0/lib64]
  collapse library dir [/lib/../lib64] ==> [/lib64]
  collapse library dir [/usr/lib/../lib64] ==> [/usr/lib64]
  collapse library dir [/opt/gcc-8.3.0/lib/gcc/x86_64-pc-linux-gnu/8.3.0/../../..] ==> [/opt/gcc-8.3.0/lib]
  implicit libs: [gcc;gcc_s;c;gcc;gcc_s]
  implicit dirs: [/opt/gcc-8.3.0/lib/gcc/x86_64-pc-linux-gnu/8.3.0;/opt/gcc-8.3.0/lib64;/lib64;/usr/lib64;/opt/gcc-8.3.0/lib]
  implicit fwks: []




Detecting C [-std=c11] compiler features compiled with the following output:
Change Dir: /home/vcruceru/exercises/my_tour_of_cplusplus/src/CMakeFiles/CMakeTmp

Run Build Command:"/bin/gmake" "cmTC_12983/fast"
/bin/gmake -f CMakeFiles/cmTC_12983.dir/build.make CMakeFiles/cmTC_12983.dir/build
gmake[1]: Entering directory `/home/vcruceru/exercises/my_tour_of_cplusplus/src/CMakeFiles/CMakeTmp'
Building C object CMakeFiles/cmTC_12983.dir/feature_tests.c.o
/opt/gcc-8.3.0/bin/gcc   -std=c11 -o CMakeFiles/cmTC_12983.dir/feature_tests.c.o   -c /home/vcruceru/exercises/my_tour_of_cplusplus/src/CMakeFiles/feature_tests.c
Linking C executable cmTC_12983
/opt/cmake/bin/cmake -E cmake_link_script CMakeFiles/cmTC_12983.dir/link.txt --verbose=1
/opt/gcc-8.3.0/bin/gcc      -rdynamic CMakeFiles/cmTC_12983.dir/feature_tests.c.o  -o cmTC_12983 
gmake[1]: Leaving directory `/home/vcruceru/exercises/my_tour_of_cplusplus/src/CMakeFiles/CMakeTmp'


    Feature record: C_FEATURE:1c_function_prototypes
    Feature record: C_FEATURE:1c_restrict
    Feature record: C_FEATURE:1c_static_assert
    Feature record: C_FEATURE:1c_variadic_macros


Detecting C [-std=c99] compiler features compiled with the following output:
Change Dir: /home/vcruceru/exercises/my_tour_of_cplusplus/src/CMakeFiles/CMakeTmp

Run Build Command:"/bin/gmake" "cmTC_f2055/fast"
/bin/gmake -f CMakeFiles/cmTC_f2055.dir/build.make CMakeFiles/cmTC_f2055.dir/build
gmake[1]: Entering directory `/home/vcruceru/exercises/my_tour_of_cplusplus/src/CMakeFiles/CMakeTmp'
Building C object CMakeFiles/cmTC_f2055.dir/feature_tests.c.o
/opt/gcc-8.3.0/bin/gcc   -std=c99 -o CMakeFiles/cmTC_f2055.dir/feature_tests.c.o   -c /home/vcruceru/exercises/my_tour_of_cplusplus/src/CMakeFiles/feature_tests.c
Linking C executable cmTC_f2055
/opt/cmake/bin/cmake -E cmake_link_script CMakeFiles/cmTC_f2055.dir/link.txt --verbose=1
/opt/gcc-8.3.0/bin/gcc      -rdynamic CMakeFiles/cmTC_f2055.dir/feature_tests.c.o  -o cmTC_f2055 
gmake[1]: Leaving directory `/home/vcruceru/exercises/my_tour_of_cplusplus/src/CMakeFiles/CMakeTmp'


    Feature record: C_FEATURE:1c_function_prototypes
    Feature record: C_FEATURE:1c_restrict
    Feature record: C_FEATURE:0c_static_assert
    Feature record: C_FEATURE:1c_variadic_macros


Detecting C [-std=c90] compiler features compiled with the following output:
Change Dir: /home/vcruceru/exercises/my_tour_of_cplusplus/src/CMakeFiles/CMakeTmp

Run Build Command:"/bin/gmake" "cmTC_f0564/fast"
/bin/gmake -f CMakeFiles/cmTC_f0564.dir/build.make CMakeFiles/cmTC_f0564.dir/build
gmake[1]: Entering directory `/home/vcruceru/exercises/my_tour_of_cplusplus/src/CMakeFiles/CMakeTmp'
Building C object CMakeFiles/cmTC_f0564.dir/feature_tests.c.o
/opt/gcc-8.3.0/bin/gcc   -std=c90 -o CMakeFiles/cmTC_f0564.dir/feature_tests.c.o   -c /home/vcruceru/exercises/my_tour_of_cplusplus/src/CMakeFiles/feature_tests.c
Linking C executable cmTC_f0564
/opt/cmake/bin/cmake -E cmake_link_script CMakeFiles/cmTC_f0564.dir/link.txt --verbose=1
/opt/gcc-8.3.0/bin/gcc      -rdynamic CMakeFiles/cmTC_f0564.dir/feature_tests.c.o  -o cmTC_f0564 
gmake[1]: Leaving directory `/home/vcruceru/exercises/my_tour_of_cplusplus/src/CMakeFiles/CMakeTmp'


    Feature record: C_FEATURE:1c_function_prototypes
    Feature record: C_FEATURE:0c_restrict
    Feature record: C_FEATURE:0c_static_assert
    Feature record: C_FEATURE:0c_variadic_macros
Determining if the CXX compiler works passed with the following output:
Change Dir: /home/vcruceru/exercises/my_tour_of_cplusplus/src/CMakeFiles/CMakeTmp

Run Build Command:"/bin/gmake" "cmTC_3e7c1/fast"
/bin/gmake -f CMakeFiles/cmTC_3e7c1.dir/build.make CMakeFiles/cmTC_3e7c1.dir/build
gmake[1]: Entering directory `/home/vcruceru/exercises/my_tour_of_cplusplus/src/CMakeFiles/CMakeTmp'
Building CXX object CMakeFiles/cmTC_3e7c1.dir/testCXXCompiler.cxx.o
/opt/gcc-8.3.0/bin/g++     -o CMakeFiles/cmTC_3e7c1.dir/testCXXCompiler.cxx.o -c /home/vcruceru/exercises/my_tour_of_cplusplus/src/CMakeFiles/CMakeTmp/testCXXCompiler.cxx
Linking CXX executable cmTC_3e7c1
/opt/cmake/bin/cmake -E cmake_link_script CMakeFiles/cmTC_3e7c1.dir/link.txt --verbose=1
/opt/gcc-8.3.0/bin/g++       -rdynamic CMakeFiles/cmTC_3e7c1.dir/testCXXCompiler.cxx.o  -o cmTC_3e7c1 
gmake[1]: Leaving directory `/home/vcruceru/exercises/my_tour_of_cplusplus/src/CMakeFiles/CMakeTmp'


Detecting CXX compiler ABI info compiled with the following output:
Change Dir: /home/vcruceru/exercises/my_tour_of_cplusplus/src/CMakeFiles/CMakeTmp

Run Build Command:"/bin/gmake" "cmTC_3d490/fast"
/bin/gmake -f CMakeFiles/cmTC_3d490.dir/build.make CMakeFiles/cmTC_3d490.dir/build
gmake[1]: Entering directory `/home/vcruceru/exercises/my_tour_of_cplusplus/src/CMakeFiles/CMakeTmp'
Building CXX object CMakeFiles/cmTC_3d490.dir/CMakeCXXCompilerABI.cpp.o
/opt/gcc-8.3.0/bin/g++     -o CMakeFiles/cmTC_3d490.dir/CMakeCXXCompilerABI.cpp.o -c /opt/cmake/share/cmake-3.13/Modules/CMakeCXXCompilerABI.cpp
Linking CXX executable cmTC_3d490
/opt/cmake/bin/cmake -E cmake_link_script CMakeFiles/cmTC_3d490.dir/link.txt --verbose=1
/opt/gcc-8.3.0/bin/g++      -v -rdynamic CMakeFiles/cmTC_3d490.dir/CMakeCXXCompilerABI.cpp.o  -o cmTC_3d490 
Using built-in specs.
COLLECT_GCC=/opt/gcc-8.3.0/bin/g++
COLLECT_LTO_WRAPPER=/opt/gcc-8.3.0/libexec/gcc/x86_64-pc-linux-gnu/8.3.0/lto-wrapper
Target: x86_64-pc-linux-gnu
Configured with: ./configure --prefix=/opt/gcc-8.3.0
Thread model: posix
gcc version 8.3.0 (GCC) 
COMPILER_PATH=/opt/gcc-8.3.0/libexec/gcc/x86_64-pc-linux-gnu/8.3.0/:/opt/gcc-8.3.0/libexec/gcc/x86_64-pc-linux-gnu/8.3.0/:/opt/gcc-8.3.0/libexec/gcc/x86_64-pc-linux-gnu/:/opt/gcc-8.3.0/lib/gcc/x86_64-pc-linux-gnu/8.3.0/:/opt/gcc-8.3.0/lib/gcc/x86_64-pc-linux-gnu/
LIBRARY_PATH=/opt/gcc-8.3.0/lib/gcc/x86_64-pc-linux-gnu/8.3.0/:/opt/gcc-8.3.0/lib/gcc/x86_64-pc-linux-gnu/8.3.0/../../../../lib64/:/lib/../lib64/:/usr/lib/../lib64/:/opt/gcc-8.3.0/lib/gcc/x86_64-pc-linux-gnu/8.3.0/../../../:/lib/:/usr/lib/
COLLECT_GCC_OPTIONS='-v' '-rdynamic' '-o' 'cmTC_3d490' '-shared-libgcc' '-mtune=generic' '-march=x86-64'
 /opt/gcc-8.3.0/libexec/gcc/x86_64-pc-linux-gnu/8.3.0/collect2 -plugin /opt/gcc-8.3.0/libexec/gcc/x86_64-pc-linux-gnu/8.3.0/liblto_plugin.so -plugin-opt=/opt/gcc-8.3.0/libexec/gcc/x86_64-pc-linux-gnu/8.3.0/lto-wrapper -plugin-opt=-fresolution=/tmp/ccscLhPK.res -plugin-opt=-pass-through=-lgcc_s -plugin-opt=-pass-through=-lgcc -plugin-opt=-pass-through=-lc -plugin-opt=-pass-through=-lgcc_s -plugin-opt=-pass-through=-lgcc --eh-frame-hdr -m elf_x86_64 -export-dynamic -dynamic-linker /lib64/ld-linux-x86-64.so.2 -o cmTC_3d490 /lib/../lib64/crt1.o /lib/../lib64/crti.o /opt/gcc-8.3.0/lib/gcc/x86_64-pc-linux-gnu/8.3.0/crtbegin.o -L/opt/gcc-8.3.0/lib/gcc/x86_64-pc-linux-gnu/8.3.0 -L/opt/gcc-8.3.0/lib/gcc/x86_64-pc-linux-gnu/8.3.0/../../../../lib64 -L/lib/../lib64 -L/usr/lib/../lib64 -L/opt/gcc-8.3.0/lib/gcc/x86_64-pc-linux-gnu/8.3.0/../../.. CMakeFiles/cmTC_3d490.dir/CMakeCXXCompilerABI.cpp.o -lstdc++ -lm -lgcc_s -lgcc -lc -lgcc_s -lgcc /opt/gcc-8.3.0/lib/gcc/x86_64-pc-linux-gnu/8.3.0/crtend.o /lib/../lib64/crtn.o
COLLECT_GCC_OPTIONS='-v' '-rdynamic' '-o' 'cmTC_3d490' '-shared-libgcc' '-mtune=generic' '-march=x86-64'
gmake[1]: Leaving directory `/home/vcruceru/exercises/my_tour_of_cplusplus/src/CMakeFiles/CMakeTmp'


Parsed CXX implicit link information from above output:
  link line regex: [^( *|.*[/\])(ld|CMAKE_LINK_STARTFILE-NOTFOUND|([^/\]+-)?ld|collect2)[^/\]*( |$)]
  ignore line: [Change Dir: /home/vcruceru/exercises/my_tour_of_cplusplus/src/CMakeFiles/CMakeTmp]
  ignore line: []
  ignore line: [Run Build Command:"/bin/gmake" "cmTC_3d490/fast"]
  ignore line: [/bin/gmake -f CMakeFiles/cmTC_3d490.dir/build.make CMakeFiles/cmTC_3d490.dir/build]
  ignore line: [gmake[1]: Entering directory `/home/vcruceru/exercises/my_tour_of_cplusplus/src/CMakeFiles/CMakeTmp']
  ignore line: [Building CXX object CMakeFiles/cmTC_3d490.dir/CMakeCXXCompilerABI.cpp.o]
  ignore line: [/opt/gcc-8.3.0/bin/g++     -o CMakeFiles/cmTC_3d490.dir/CMakeCXXCompilerABI.cpp.o -c /opt/cmake/share/cmake-3.13/Modules/CMakeCXXCompilerABI.cpp]
  ignore line: [Linking CXX executable cmTC_3d490]
  ignore line: [/opt/cmake/bin/cmake -E cmake_link_script CMakeFiles/cmTC_3d490.dir/link.txt --verbose=1]
  ignore line: [/opt/gcc-8.3.0/bin/g++      -v -rdynamic CMakeFiles/cmTC_3d490.dir/CMakeCXXCompilerABI.cpp.o  -o cmTC_3d490 ]
  ignore line: [Using built-in specs.]
  ignore line: [COLLECT_GCC=/opt/gcc-8.3.0/bin/g++]
  ignore line: [COLLECT_LTO_WRAPPER=/opt/gcc-8.3.0/libexec/gcc/x86_64-pc-linux-gnu/8.3.0/lto-wrapper]
  ignore line: [Target: x86_64-pc-linux-gnu]
  ignore line: [Configured with: ./configure --prefix=/opt/gcc-8.3.0]
  ignore line: [Thread model: posix]
  ignore line: [gcc version 8.3.0 (GCC) ]
  ignore line: [COMPILER_PATH=/opt/gcc-8.3.0/libexec/gcc/x86_64-pc-linux-gnu/8.3.0/:/opt/gcc-8.3.0/libexec/gcc/x86_64-pc-linux-gnu/8.3.0/:/opt/gcc-8.3.0/libexec/gcc/x86_64-pc-linux-gnu/:/opt/gcc-8.3.0/lib/gcc/x86_64-pc-linux-gnu/8.3.0/:/opt/gcc-8.3.0/lib/gcc/x86_64-pc-linux-gnu/]
  ignore line: [LIBRARY_PATH=/opt/gcc-8.3.0/lib/gcc/x86_64-pc-linux-gnu/8.3.0/:/opt/gcc-8.3.0/lib/gcc/x86_64-pc-linux-gnu/8.3.0/../../../../lib64/:/lib/../lib64/:/usr/lib/../lib64/:/opt/gcc-8.3.0/lib/gcc/x86_64-pc-linux-gnu/8.3.0/../../../:/lib/:/usr/lib/]
  ignore line: [COLLECT_GCC_OPTIONS='-v' '-rdynamic' '-o' 'cmTC_3d490' '-shared-libgcc' '-mtune=generic' '-march=x86-64']
  link line: [ /opt/gcc-8.3.0/libexec/gcc/x86_64-pc-linux-gnu/8.3.0/collect2 -plugin /opt/gcc-8.3.0/libexec/gcc/x86_64-pc-linux-gnu/8.3.0/liblto_plugin.so -plugin-opt=/opt/gcc-8.3.0/libexec/gcc/x86_64-pc-linux-gnu/8.3.0/lto-wrapper -plugin-opt=-fresolution=/tmp/ccscLhPK.res -plugin-opt=-pass-through=-lgcc_s -plugin-opt=-pass-through=-lgcc -plugin-opt=-pass-through=-lc -plugin-opt=-pass-through=-lgcc_s -plugin-opt=-pass-through=-lgcc --eh-frame-hdr -m elf_x86_64 -export-dynamic -dynamic-linker /lib64/ld-linux-x86-64.so.2 -o cmTC_3d490 /lib/../lib64/crt1.o /lib/../lib64/crti.o /opt/gcc-8.3.0/lib/gcc/x86_64-pc-linux-gnu/8.3.0/crtbegin.o -L/opt/gcc-8.3.0/lib/gcc/x86_64-pc-linux-gnu/8.3.0 -L/opt/gcc-8.3.0/lib/gcc/x86_64-pc-linux-gnu/8.3.0/../../../../lib64 -L/lib/../lib64 -L/usr/lib/../lib64 -L/opt/gcc-8.3.0/lib/gcc/x86_64-pc-linux-gnu/8.3.0/../../.. CMakeFiles/cmTC_3d490.dir/CMakeCXXCompilerABI.cpp.o -lstdc++ -lm -lgcc_s -lgcc -lc -lgcc_s -lgcc /opt/gcc-8.3.0/lib/gcc/x86_64-pc-linux-gnu/8.3.0/crtend.o /lib/../lib64/crtn.o]
    arg [/opt/gcc-8.3.0/libexec/gcc/x86_64-pc-linux-gnu/8.3.0/collect2] ==> ignore
    arg [-plugin] ==> ignore
    arg [/opt/gcc-8.3.0/libexec/gcc/x86_64-pc-linux-gnu/8.3.0/liblto_plugin.so] ==> ignore
    arg [-plugin-opt=/opt/gcc-8.3.0/libexec/gcc/x86_64-pc-linux-gnu/8.3.0/lto-wrapper] ==> ignore
    arg [-plugin-opt=-fresolution=/tmp/ccscLhPK.res] ==> ignore
    arg [-plugin-opt=-pass-through=-lgcc_s] ==> ignore
    arg [-plugin-opt=-pass-through=-lgcc] ==> ignore
    arg [-plugin-opt=-pass-through=-lc] ==> ignore
    arg [-plugin-opt=-pass-through=-lgcc_s] ==> ignore
    arg [-plugin-opt=-pass-through=-lgcc] ==> ignore
    arg [--eh-frame-hdr] ==> ignore
    arg [-m] ==> ignore
    arg [elf_x86_64] ==> ignore
    arg [-export-dynamic] ==> ignore
    arg [-dynamic-linker] ==> ignore
    arg [/lib64/ld-linux-x86-64.so.2] ==> ignore
    arg [-o] ==> ignore
    arg [cmTC_3d490] ==> ignore
    arg [/lib/../lib64/crt1.o] ==> ignore
    arg [/lib/../lib64/crti.o] ==> ignore
    arg [/opt/gcc-8.3.0/lib/gcc/x86_64-pc-linux-gnu/8.3.0/crtbegin.o] ==> ignore
    arg [-L/opt/gcc-8.3.0/lib/gcc/x86_64-pc-linux-gnu/8.3.0] ==> dir [/opt/gcc-8.3.0/lib/gcc/x86_64-pc-linux-gnu/8.3.0]
    arg [-L/opt/gcc-8.3.0/lib/gcc/x86_64-pc-linux-gnu/8.3.0/../../../../lib64] ==> dir [/opt/gcc-8.3.0/lib/gcc/x86_64-pc-linux-gnu/8.3.0/../../../../lib64]
    arg [-L/lib/../lib64] ==> dir [/lib/../lib64]
    arg [-L/usr/lib/../lib64] ==> dir [/usr/lib/../lib64]
    arg [-L/opt/gcc-8.3.0/lib/gcc/x86_64-pc-linux-gnu/8.3.0/../../..] ==> dir [/opt/gcc-8.3.0/lib/gcc/x86_64-pc-linux-gnu/8.3.0/../../..]
    arg [CMakeFiles/cmTC_3d490.dir/CMakeCXXCompilerABI.cpp.o] ==> ignore
    arg [-lstdc++] ==> lib [stdc++]
    arg [-lm] ==> lib [m]
    arg [-lgcc_s] ==> lib [gcc_s]
    arg [-lgcc] ==> lib [gcc]
    arg [-lc] ==> lib [c]
    arg [-lgcc_s] ==> lib [gcc_s]
    arg [-lgcc] ==> lib [gcc]
    arg [/opt/gcc-8.3.0/lib/gcc/x86_64-pc-linux-gnu/8.3.0/crtend.o] ==> ignore
    arg [/lib/../lib64/crtn.o] ==> ignore
  collapse library dir [/opt/gcc-8.3.0/lib/gcc/x86_64-pc-linux-gnu/8.3.0] ==> [/opt/gcc-8.3.0/lib/gcc/x86_64-pc-linux-gnu/8.3.0]
  collapse library dir [/opt/gcc-8.3.0/lib/gcc/x86_64-pc-linux-gnu/8.3.0/../../../../lib64] ==> [/opt/gcc-8.3.0/lib64]
  collapse library dir [/lib/../lib64] ==> [/lib64]
  collapse library dir [/usr/lib/../lib64] ==> [/usr/lib64]
  collapse library dir [/opt/gcc-8.3.0/lib/gcc/x86_64-pc-linux-gnu/8.3.0/../../..] ==> [/opt/gcc-8.3.0/lib]
  implicit libs: [stdc++;m;gcc_s;gcc;c;gcc_s;gcc]
  implicit dirs: [/opt/gcc-8.3.0/lib/gcc/x86_64-pc-linux-gnu/8.3.0;/opt/gcc-8.3.0/lib64;/lib64;/usr/lib64;/opt/gcc-8.3.0/lib]
  implicit fwks: []




Detecting CXX [-std=c++2a] compiler features compiled with the following output:
Change Dir: /home/vcruceru/exercises/my_tour_of_cplusplus/src/CMakeFiles/CMakeTmp

Run Build Command:"/bin/gmake" "cmTC_11425/fast"
/bin/gmake -f CMakeFiles/cmTC_11425.dir/build.make CMakeFiles/cmTC_11425.dir/build
gmake[1]: Entering directory `/home/vcruceru/exercises/my_tour_of_cplusplus/src/CMakeFiles/CMakeTmp'
Building CXX object CMakeFiles/cmTC_11425.dir/feature_tests.cxx.o
/opt/gcc-8.3.0/bin/g++    -std=c++2a -o CMakeFiles/cmTC_11425.dir/feature_tests.cxx.o -c /home/vcruceru/exercises/my_tour_of_cplusplus/src/CMakeFiles/feature_tests.cxx
Linking CXX executable cmTC_11425
/opt/cmake/bin/cmake -E cmake_link_script CMakeFiles/cmTC_11425.dir/link.txt --verbose=1
/opt/gcc-8.3.0/bin/g++       -rdynamic CMakeFiles/cmTC_11425.dir/feature_tests.cxx.o  -o cmTC_11425 
gmake[1]: Leaving directory `/home/vcruceru/exercises/my_tour_of_cplusplus/src/CMakeFiles/CMakeTmp'


    Feature record: CXX_FEATURE:1cxx_aggregate_default_initializers
    Feature record: CXX_FEATURE:1cxx_alias_templates
    Feature record: CXX_FEATURE:1cxx_alignas
    Feature record: CXX_FEATURE:1cxx_alignof
    Feature record: CXX_FEATURE:1cxx_attributes
    Feature record: CXX_FEATURE:1cxx_attribute_deprecated
    Feature record: CXX_FEATURE:1cxx_auto_type
    Feature record: CXX_FEATURE:1cxx_binary_literals
    Feature record: CXX_FEATURE:1cxx_constexpr
    Feature record: CXX_FEATURE:1cxx_contextual_conversions
    Feature record: CXX_FEATURE:1cxx_decltype
    Feature record: CXX_FEATURE:1cxx_decltype_auto
    Feature record: CXX_FEATURE:1cxx_decltype_incomplete_return_types
    Feature record: CXX_FEATURE:1cxx_default_function_template_args
    Feature record: CXX_FEATURE:1cxx_defaulted_functions
    Feature record: CXX_FEATURE:1cxx_defaulted_move_initializers
    Feature record: CXX_FEATURE:1cxx_delegating_constructors
    Feature record: CXX_FEATURE:1cxx_deleted_functions
    Feature record: CXX_FEATURE:1cxx_digit_separators
    Feature record: CXX_FEATURE:1cxx_enum_forward_declarations
    Feature record: CXX_FEATURE:1cxx_explicit_conversions
    Feature record: CXX_FEATURE:1cxx_extended_friend_declarations
    Feature record: CXX_FEATURE:1cxx_extern_templates
    Feature record: CXX_FEATURE:1cxx_final
    Feature record: CXX_FEATURE:1cxx_func_identifier
    Feature record: CXX_FEATURE:1cxx_generalized_initializers
    Feature record: CXX_FEATURE:1cxx_generic_lambdas
    Feature record: CXX_FEATURE:1cxx_inheriting_constructors
    Feature record: CXX_FEATURE:1cxx_inline_namespaces
    Feature record: CXX_FEATURE:1cxx_lambdas
    Feature record: CXX_FEATURE:1cxx_lambda_init_captures
    Feature record: CXX_FEATURE:1cxx_local_type_template_args
    Feature record: CXX_FEATURE:1cxx_long_long_type
    Feature record: CXX_FEATURE:1cxx_noexcept
    Feature record: CXX_FEATURE:1cxx_nonstatic_member_init
    Feature record: CXX_FEATURE:1cxx_nullptr
    Feature record: CXX_FEATURE:1cxx_override
    Feature record: CXX_FEATURE:1cxx_range_for
    Feature record: CXX_FEATURE:1cxx_raw_string_literals
    Feature record: CXX_FEATURE:1cxx_reference_qualified_functions
    Feature record: CXX_FEATURE:1cxx_relaxed_constexpr
    Feature record: CXX_FEATURE:1cxx_return_type_deduction
    Feature record: CXX_FEATURE:1cxx_right_angle_brackets
    Feature record: CXX_FEATURE:1cxx_rvalue_references
    Feature record: CXX_FEATURE:1cxx_sizeof_member
    Feature record: CXX_FEATURE:1cxx_static_assert
    Feature record: CXX_FEATURE:1cxx_strong_enums
    Feature record: CXX_FEATURE:1cxx_template_template_parameters
    Feature record: CXX_FEATURE:1cxx_thread_local
    Feature record: CXX_FEATURE:1cxx_trailing_return_types
    Feature record: CXX_FEATURE:1cxx_unicode_literals
    Feature record: CXX_FEATURE:1cxx_uniform_initialization
    Feature record: CXX_FEATURE:1cxx_unrestricted_unions
    Feature record: CXX_FEATURE:1cxx_user_literals
    Feature record: CXX_FEATURE:1cxx_variable_templates
    Feature record: CXX_FEATURE:1cxx_variadic_macros
    Feature record: CXX_FEATURE:1cxx_variadic_templates


Detecting CXX [-std=c++17] compiler features compiled with the following output:
Change Dir: /home/vcruceru/exercises/my_tour_of_cplusplus/src/CMakeFiles/CMakeTmp

Run Build Command:"/bin/gmake" "cmTC_6db30/fast"
/bin/gmake -f CMakeFiles/cmTC_6db30.dir/build.make CMakeFiles/cmTC_6db30.dir/build
gmake[1]: Entering directory `/home/vcruceru/exercises/my_tour_of_cplusplus/src/CMakeFiles/CMakeTmp'
Building CXX object CMakeFiles/cmTC_6db30.dir/feature_tests.cxx.o
/opt/gcc-8.3.0/bin/g++    -std=c++17 -o CMakeFiles/cmTC_6db30.dir/feature_tests.cxx.o -c /home/vcruceru/exercises/my_tour_of_cplusplus/src/CMakeFiles/feature_tests.cxx
Linking CXX executable cmTC_6db30
/opt/cmake/bin/cmake -E cmake_link_script CMakeFiles/cmTC_6db30.dir/link.txt --verbose=1
/opt/gcc-8.3.0/bin/g++       -rdynamic CMakeFiles/cmTC_6db30.dir/feature_tests.cxx.o  -o cmTC_6db30 
gmake[1]: Leaving directory `/home/vcruceru/exercises/my_tour_of_cplusplus/src/CMakeFiles/CMakeTmp'


    Feature record: CXX_FEATURE:1cxx_aggregate_default_initializers
    Feature record: CXX_FEATURE:1cxx_alias_templates
    Feature record: CXX_FEATURE:1cxx_alignas
    Feature record: CXX_FEATURE:1cxx_alignof
    Feature record: CXX_FEATURE:1cxx_attributes
    Feature record: CXX_FEATURE:1cxx_attribute_deprecated
    Feature record: CXX_FEATURE:1cxx_auto_type
    Feature record: CXX_FEATURE:1cxx_binary_literals
    Feature record: CXX_FEATURE:1cxx_constexpr
    Feature record: CXX_FEATURE:1cxx_contextual_conversions
    Feature record: CXX_FEATURE:1cxx_decltype
    Feature record: CXX_FEATURE:1cxx_decltype_auto
    Feature record: CXX_FEATURE:1cxx_decltype_incomplete_return_types
    Feature record: CXX_FEATURE:1cxx_default_function_template_args
    Feature record: CXX_FEATURE:1cxx_defaulted_functions
    Feature record: CXX_FEATURE:1cxx_defaulted_move_initializers
    Feature record: CXX_FEATURE:1cxx_delegating_constructors
    Feature record: CXX_FEATURE:1cxx_deleted_functions
    Feature record: CXX_FEATURE:1cxx_digit_separators
    Feature record: CXX_FEATURE:1cxx_enum_forward_declarations
    Feature record: CXX_FEATURE:1cxx_explicit_conversions
    Feature record: CXX_FEATURE:1cxx_extended_friend_declarations
    Feature record: CXX_FEATURE:1cxx_extern_templates
    Feature record: CXX_FEATURE:1cxx_final
    Feature record: CXX_FEATURE:1cxx_func_identifier
    Feature record: CXX_FEATURE:1cxx_generalized_initializers
    Feature record: CXX_FEATURE:1cxx_generic_lambdas
    Feature record: CXX_FEATURE:1cxx_inheriting_constructors
    Feature record: CXX_FEATURE:1cxx_inline_namespaces
    Feature record: CXX_FEATURE:1cxx_lambdas
    Feature record: CXX_FEATURE:1cxx_lambda_init_captures
    Feature record: CXX_FEATURE:1cxx_local_type_template_args
    Feature record: CXX_FEATURE:1cxx_long_long_type
    Feature record: CXX_FEATURE:1cxx_noexcept
    Feature record: CXX_FEATURE:1cxx_nonstatic_member_init
    Feature record: CXX_FEATURE:1cxx_nullptr
    Feature record: CXX_FEATURE:1cxx_override
    Feature record: CXX_FEATURE:1cxx_range_for
    Feature record: CXX_FEATURE:1cxx_raw_string_literals
    Feature record: CXX_FEATURE:1cxx_reference_qualified_functions
    Feature record: CXX_FEATURE:1cxx_relaxed_constexpr
    Feature record: CXX_FEATURE:1cxx_return_type_deduction
    Feature record: CXX_FEATURE:1cxx_right_angle_brackets
    Feature record: CXX_FEATURE:1cxx_rvalue_references
    Feature record: CXX_FEATURE:1cxx_sizeof_member
    Feature record: CXX_FEATURE:1cxx_static_assert
    Feature record: CXX_FEATURE:1cxx_strong_enums
    Feature record: CXX_FEATURE:1cxx_template_template_parameters
    Feature record: CXX_FEATURE:1cxx_thread_local
    Feature record: CXX_FEATURE:1cxx_trailing_return_types
    Feature record: CXX_FEATURE:1cxx_unicode_literals
    Feature record: CXX_FEATURE:1cxx_uniform_initialization
    Feature record: CXX_FEATURE:1cxx_unrestricted_unions
    Feature record: CXX_FEATURE:1cxx_user_literals
    Feature record: CXX_FEATURE:1cxx_variable_templates
    Feature record: CXX_FEATURE:1cxx_variadic_macros
    Feature record: CXX_FEATURE:1cxx_variadic_templates


Detecting CXX [-std=c++14] compiler features compiled with the following output:
Change Dir: /home/vcruceru/exercises/my_tour_of_cplusplus/src/CMakeFiles/CMakeTmp

Run Build Command:"/bin/gmake" "cmTC_12f24/fast"
/bin/gmake -f CMakeFiles/cmTC_12f24.dir/build.make CMakeFiles/cmTC_12f24.dir/build
gmake[1]: Entering directory `/home/vcruceru/exercises/my_tour_of_cplusplus/src/CMakeFiles/CMakeTmp'
Building CXX object CMakeFiles/cmTC_12f24.dir/feature_tests.cxx.o
/opt/gcc-8.3.0/bin/g++    -std=c++14 -o CMakeFiles/cmTC_12f24.dir/feature_tests.cxx.o -c /home/vcruceru/exercises/my_tour_of_cplusplus/src/CMakeFiles/feature_tests.cxx
Linking CXX executable cmTC_12f24
/opt/cmake/bin/cmake -E cmake_link_script CMakeFiles/cmTC_12f24.dir/link.txt --verbose=1
/opt/gcc-8.3.0/bin/g++       -rdynamic CMakeFiles/cmTC_12f24.dir/feature_tests.cxx.o  -o cmTC_12f24 
gmake[1]: Leaving directory `/home/vcruceru/exercises/my_tour_of_cplusplus/src/CMakeFiles/CMakeTmp'


    Feature record: CXX_FEATURE:1cxx_aggregate_default_initializers
    Feature record: CXX_FEATURE:1cxx_alias_templates
    Feature record: CXX_FEATURE:1cxx_alignas
    Feature record: CXX_FEATURE:1cxx_alignof
    Feature record: CXX_FEATURE:1cxx_attributes
    Feature record: CXX_FEATURE:1cxx_attribute_deprecated
    Feature record: CXX_FEATURE:1cxx_auto_type
    Feature record: CXX_FEATURE:1cxx_binary_literals
    Feature record: CXX_FEATURE:1cxx_constexpr
    Feature record: CXX_FEATURE:1cxx_contextual_conversions
    Feature record: CXX_FEATURE:1cxx_decltype
    Feature record: CXX_FEATURE:1cxx_decltype_auto
    Feature record: CXX_FEATURE:1cxx_decltype_incomplete_return_types
    Feature record: CXX_FEATURE:1cxx_default_function_template_args
    Feature record: CXX_FEATURE:1cxx_defaulted_functions
    Feature record: CXX_FEATURE:1cxx_defaulted_move_initializers
    Feature record: CXX_FEATURE:1cxx_delegating_constructors
    Feature record: CXX_FEATURE:1cxx_deleted_functions
    Feature record: CXX_FEATURE:1cxx_digit_separators
    Feature record: CXX_FEATURE:1cxx_enum_forward_declarations
    Feature record: CXX_FEATURE:1cxx_explicit_conversions
    Feature record: CXX_FEATURE:1cxx_extended_friend_declarations
    Feature record: CXX_FEATURE:1cxx_extern_templates
    Feature record: CXX_FEATURE:1cxx_final
    Feature record: CXX_FEATURE:1cxx_func_identifier
    Feature record: CXX_FEATURE:1cxx_generalized_initializers
    Feature record: CXX_FEATURE:1cxx_generic_lambdas
    Feature record: CXX_FEATURE:1cxx_inheriting_constructors
    Feature record: CXX_FEATURE:1cxx_inline_namespaces
    Feature record: CXX_FEATURE:1cxx_lambdas
    Feature record: CXX_FEATURE:1cxx_lambda_init_captures
    Feature record: CXX_FEATURE:1cxx_local_type_template_args
    Feature record: CXX_FEATURE:1cxx_long_long_type
    Feature record: CXX_FEATURE:1cxx_noexcept
    Feature record: CXX_FEATURE:1cxx_nonstatic_member_init
    Feature record: CXX_FEATURE:1cxx_nullptr
    Feature record: CXX_FEATURE:1cxx_override
    Feature record: CXX_FEATURE:1cxx_range_for
    Feature record: CXX_FEATURE:1cxx_raw_string_literals
    Feature record: CXX_FEATURE:1cxx_reference_qualified_functions
    Feature record: CXX_FEATURE:1cxx_relaxed_constexpr
    Feature record: CXX_FEATURE:1cxx_return_type_deduction
    Feature record: CXX_FEATURE:1cxx_right_angle_brackets
    Feature record: CXX_FEATURE:1cxx_rvalue_references
    Feature record: CXX_FEATURE:1cxx_sizeof_member
    Feature record: CXX_FEATURE:1cxx_static_assert
    Feature record: CXX_FEATURE:1cxx_strong_enums
    Feature record: CXX_FEATURE:1cxx_template_template_parameters
    Feature record: CXX_FEATURE:1cxx_thread_local
    Feature record: CXX_FEATURE:1cxx_trailing_return_types
    Feature record: CXX_FEATURE:1cxx_unicode_literals
    Feature record: CXX_FEATURE:1cxx_uniform_initialization
    Feature record: CXX_FEATURE:1cxx_unrestricted_unions
    Feature record: CXX_FEATURE:1cxx_user_literals
    Feature record: CXX_FEATURE:1cxx_variable_templates
    Feature record: CXX_FEATURE:1cxx_variadic_macros
    Feature record: CXX_FEATURE:1cxx_variadic_templates


Detecting CXX [-std=c++11] compiler features compiled with the following output:
Change Dir: /home/vcruceru/exercises/my_tour_of_cplusplus/src/CMakeFiles/CMakeTmp

Run Build Command:"/bin/gmake" "cmTC_f8e9e/fast"
/bin/gmake -f CMakeFiles/cmTC_f8e9e.dir/build.make CMakeFiles/cmTC_f8e9e.dir/build
gmake[1]: Entering directory `/home/vcruceru/exercises/my_tour_of_cplusplus/src/CMakeFiles/CMakeTmp'
Building CXX object CMakeFiles/cmTC_f8e9e.dir/feature_tests.cxx.o
/opt/gcc-8.3.0/bin/g++    -std=c++11 -o CMakeFiles/cmTC_f8e9e.dir/feature_tests.cxx.o -c /home/vcruceru/exercises/my_tour_of_cplusplus/src/CMakeFiles/feature_tests.cxx
Linking CXX executable cmTC_f8e9e
/opt/cmake/bin/cmake -E cmake_link_script CMakeFiles/cmTC_f8e9e.dir/link.txt --verbose=1
/opt/gcc-8.3.0/bin/g++       -rdynamic CMakeFiles/cmTC_f8e9e.dir/feature_tests.cxx.o  -o cmTC_f8e9e 
gmake[1]: Leaving directory `/home/vcruceru/exercises/my_tour_of_cplusplus/src/CMakeFiles/CMakeTmp'


    Feature record: CXX_FEATURE:0cxx_aggregate_default_initializers
    Feature record: CXX_FEATURE:1cxx_alias_templates
    Feature record: CXX_FEATURE:1cxx_alignas
    Feature record: CXX_FEATURE:1cxx_alignof
    Feature record: CXX_FEATURE:1cxx_attributes
    Feature record: CXX_FEATURE:0cxx_attribute_deprecated
    Feature record: CXX_FEATURE:1cxx_auto_type
    Feature record: CXX_FEATURE:0cxx_binary_literals
    Feature record: CXX_FEATURE:1cxx_constexpr
    Feature record: CXX_FEATURE:0cxx_contextual_conversions
    Feature record: CXX_FEATURE:1cxx_decltype
    Feature record: CXX_FEATURE:0cxx_decltype_auto
    Feature record: CXX_FEATURE:1cxx_decltype_incomplete_return_types
    Feature record: CXX_FEATURE:1cxx_default_function_template_args
    Feature record: CXX_FEATURE:1cxx_defaulted_functions
    Feature record: CXX_FEATURE:1cxx_defaulted_move_initializers
    Feature record: CXX_FEATURE:1cxx_delegating_constructors
    Feature record: CXX_FEATURE:1cxx_deleted_functions
    Feature record: CXX_FEATURE:0cxx_digit_separators
    Feature record: CXX_FEATURE:1cxx_enum_forward_declarations
    Feature record: CXX_FEATURE:1cxx_explicit_conversions
    Feature record: CXX_FEATURE:1cxx_extended_friend_declarations
    Feature record: CXX_FEATURE:1cxx_extern_templates
    Feature record: CXX_FEATURE:1cxx_final
    Feature record: CXX_FEATURE:1cxx_func_identifier
    Feature record: CXX_FEATURE:1cxx_generalized_initializers
    Feature record: CXX_FEATURE:0cxx_generic_lambdas
    Feature record: CXX_FEATURE:1cxx_inheriting_constructors
    Feature record: CXX_FEATURE:1cxx_inline_namespaces
    Feature record: CXX_FEATURE:1cxx_lambdas
    Feature record: CXX_FEATURE:0cxx_lambda_init_captures
    Feature record: CXX_FEATURE:1cxx_local_type_template_args
    Feature record: CXX_FEATURE:1cxx_long_long_type
    Feature record: CXX_FEATURE:1cxx_noexcept
    Feature record: CXX_FEATURE:1cxx_nonstatic_member_init
    Feature record: CXX_FEATURE:1cxx_nullptr
    Feature record: CXX_FEATURE:1cxx_override
    Feature record: CXX_FEATURE:1cxx_range_for
    Feature record: CXX_FEATURE:1cxx_raw_string_literals
    Feature record: CXX_FEATURE:1cxx_reference_qualified_functions
    Feature record: CXX_FEATURE:0cxx_relaxed_constexpr
    Feature record: CXX_FEATURE:0cxx_return_type_deduction
    Feature record: CXX_FEATURE:1cxx_right_angle_brackets
    Feature record: CXX_FEATURE:1cxx_rvalue_references
    Feature record: CXX_FEATURE:1cxx_sizeof_member
    Feature record: CXX_FEATURE:1cxx_static_assert
    Feature record: CXX_FEATURE:1cxx_strong_enums
    Feature record: CXX_FEATURE:1cxx_template_template_parameters
    Feature record: CXX_FEATURE:1cxx_thread_local
    Feature record: CXX_FEATURE:1cxx_trailing_return_types
    Feature record: CXX_FEATURE:1cxx_unicode_literals
    Feature record: CXX_FEATURE:1cxx_uniform_initialization
    Feature record: CXX_FEATURE:1cxx_unrestricted_unions
    Feature record: CXX_FEATURE:1cxx_user_literals
    Feature record: CXX_FEATURE:0cxx_variable_templates
    Feature record: CXX_FEATURE:1cxx_variadic_macros
    Feature record: CXX_FEATURE:1cxx_variadic_templates


Detecting CXX [-std=c++98] compiler features compiled with the following output:
Change Dir: /home/vcruceru/exercises/my_tour_of_cplusplus/src/CMakeFiles/CMakeTmp

Run Build Command:"/bin/gmake" "cmTC_a5199/fast"
/bin/gmake -f CMakeFiles/cmTC_a5199.dir/build.make CMakeFiles/cmTC_a5199.dir/build
gmake[1]: Entering directory `/home/vcruceru/exercises/my_tour_of_cplusplus/src/CMakeFiles/CMakeTmp'
Building CXX object CMakeFiles/cmTC_a5199.dir/feature_tests.cxx.o
/opt/gcc-8.3.0/bin/g++    -std=c++98 -o CMakeFiles/cmTC_a5199.dir/feature_tests.cxx.o -c /home/vcruceru/exercises/my_tour_of_cplusplus/src/CMakeFiles/feature_tests.cxx
Linking CXX executable cmTC_a5199
/opt/cmake/bin/cmake -E cmake_link_script CMakeFiles/cmTC_a5199.dir/link.txt --verbose=1
/opt/gcc-8.3.0/bin/g++       -rdynamic CMakeFiles/cmTC_a5199.dir/feature_tests.cxx.o  -o cmTC_a5199 
gmake[1]: Leaving directory `/home/vcruceru/exercises/my_tour_of_cplusplus/src/CMakeFiles/CMakeTmp'


    Feature record: CXX_FEATURE:0cxx_aggregate_default_initializers
    Feature record: CXX_FEATURE:0cxx_alias_templates
    Feature record: CXX_FEATURE:0cxx_alignas
    Feature record: CXX_FEATURE:0cxx_alignof
    Feature record: CXX_FEATURE:0cxx_attributes
    Feature record: CXX_FEATURE:0cxx_attribute_deprecated
    Feature record: CXX_FEATURE:0cxx_auto_type
    Feature record: CXX_FEATURE:0cxx_binary_literals
    Feature record: CXX_FEATURE:0cxx_constexpr
    Feature record: CXX_FEATURE:0cxx_contextual_conversions
    Feature record: CXX_FEATURE:0cxx_decltype
    Feature record: CXX_FEATURE:0cxx_decltype_auto
    Feature record: CXX_FEATURE:0cxx_decltype_incomplete_return_types
    Feature record: CXX_FEATURE:0cxx_default_function_template_args
    Feature record: CXX_FEATURE:0cxx_defaulted_functions
    Feature record: CXX_FEATURE:0cxx_defaulted_move_initializers
    Feature record: CXX_FEATURE:0cxx_delegating_constructors
    Feature record: CXX_FEATURE:0cxx_deleted_functions
    Feature record: CXX_FEATURE:0cxx_digit_separators
    Feature record: CXX_FEATURE:0cxx_enum_forward_declarations
    Feature record: CXX_FEATURE:0cxx_explicit_conversions
    Feature record: CXX_FEATURE:0cxx_extended_friend_declarations
    Feature record: CXX_FEATURE:0cxx_extern_templates
    Feature record: CXX_FEATURE:0cxx_final
    Feature record: CXX_FEATURE:0cxx_func_identifier
    Feature record: CXX_FEATURE:0cxx_generalized_initializers
    Feature record: CXX_FEATURE:0cxx_generic_lambdas
    Feature record: CXX_FEATURE:0cxx_inheriting_constructors
    Feature record: CXX_FEATURE:0cxx_inline_namespaces
    Feature record: CXX_FEATURE:0cxx_lambdas
    Feature record: CXX_FEATURE:0cxx_lambda_init_captures
    Feature record: CXX_FEATURE:0cxx_local_type_template_args
    Feature record: CXX_FEATURE:0cxx_long_long_type
    Feature record: CXX_FEATURE:0cxx_noexcept
    Feature record: CXX_FEATURE:0cxx_nonstatic_member_init
    Feature record: CXX_FEATURE:0cxx_nullptr
    Feature record: CXX_FEATURE:0cxx_override
    Feature record: CXX_FEATURE:0cxx_range_for
    Feature record: CXX_FEATURE:0cxx_raw_string_literals
    Feature record: CXX_FEATURE:0cxx_reference_qualified_functions
    Feature record: CXX_FEATURE:0cxx_relaxed_constexpr
    Feature record: CXX_FEATURE:0cxx_return_type_deduction
    Feature record: CXX_FEATURE:0cxx_right_angle_brackets
    Feature record: CXX_FEATURE:0cxx_rvalue_references
    Feature record: CXX_FEATURE:0cxx_sizeof_member
    Feature record: CXX_FEATURE:0cxx_static_assert
    Feature record: CXX_FEATURE:0cxx_strong_enums
    Feature record: CXX_FEATURE:1cxx_template_template_parameters
    Feature record: CXX_FEATURE:0cxx_thread_local
    Feature record: CXX_FEATURE:0cxx_trailing_return_types
    Feature record: CXX_FEATURE:0cxx_unicode_literals
    Feature record: CXX_FEATURE:0cxx_uniform_initialization
    Feature record: CXX_FEATURE:0cxx_unrestricted_unions
    Feature record: CXX_FEATURE:0cxx_user_literals
    Feature record: CXX_FEATURE:0cxx_variable_templates
    Feature record: CXX_FEATURE:0cxx_variadic_macros
    Feature record: CXX_FEATURE:0cxx_variadic_templates
